<?xml version="1.0" encoding="UTF-8"?>
<!-- Test parent-scheme -->
<style-scheme id="test-unknown-parent"
              name="Test Unknown Parent"
              parent-scheme="unknown-parent"
              version="1.0">
</style-scheme>
